<?xml version="1.0" encoding="UTF-8"?>
<testng-results ignored="0" total="1" passed="1" failed="0" skipped="0">
  <reporter-output>
  </reporter-output>
  <suite started-at="2022-06-18T10:22:46 IST" name="Default suite" finished-at="2022-06-18T10:22:58 IST" duration-ms="12923">
    <groups>
    </groups>
    <test started-at="2022-06-18T10:22:46 IST" name="Default test" finished-at="2022-06-18T10:22:58 IST" duration-ms="12923">
      <class name="arithmatic.Calculate">
        <test-method is-config="true" signature="beforeTest()[pri:0, instance:arithmatic.Calculate@f5ac9e4]" started-at="2022-06-18T10:22:46 IST" name="beforeTest" finished-at="2022-06-18T10:22:54 IST" duration-ms="8135" status="PASS">
          <reporter-output>
          </reporter-output>
        </test-method> <!-- beforeTest -->
        <test-method signature="testcase()[pri:1, instance:arithmatic.Calculate@f5ac9e4]" started-at="2022-06-18T10:22:54 IST" name="testcase" finished-at="2022-06-18T10:22:58 IST" duration-ms="4742" status="PASS">
          <reporter-output>
          </reporter-output>
        </test-method> <!-- testcase -->
      </class> <!-- arithmatic.Calculate -->
    </test> <!-- Default test -->
  </suite> <!-- Default suite -->
</testng-results>
